2025-11-25T22:08:26.856Z - Create Meeting Error: 
Invalid `__TURBOPACK__imported__module__$5b$project$5d2f$lib$2f$prisma$2e$ts__$5b$app$2d$route$5d$__$28$ecmascript$29$__["default"].meeting.create()` invocation in
/Users/eusholli/dev/event-planner/.next/dev/server/chunks/[root-of-the-server]__f95167de._.js:245:162

  242             }))
  243     };
  244 }
→ 245 const meeting = await __TURBOPACK__imported__module__$5b$project$5d2f$lib$2f$prisma$2e$ts__$5b$app$2d$route$5d$__$28$ecmascript$29$__["default"].meeting.create({
        data: {
          title: "Only title set",
          purpose: "",
          status: "STARTED",
      +   startTime: DateTime
        },
        include: {
          room: true,
          attendees: true
        }
      })

Argument `startTime` is missing.
PrismaClientValidationError: 
Invalid `__TURBOPACK__imported__module__$5b$project$5d2f$lib$2f$prisma$2e$ts__$5b$app$2d$route$5d$__$28$ecmascript$29$__["default"].meeting.create()` invocation in
/Users/eusholli/dev/event-planner/.next/dev/server/chunks/[root-of-the-server]__f95167de._.js:245:162

  242             }))
  243     };
  244 }
→ 245 const meeting = await __TURBOPACK__imported__module__$5b$project$5d2f$lib$2f$prisma$2e$ts__$5b$app$2d$route$5d$__$28$ecmascript$29$__["default"].meeting.create({
        data: {
          title: "Only title set",
          purpose: "",
          status: "STARTED",
      +   startTime: DateTime
        },
        include: {
          room: true,
          attendees: true
        }
      })

Argument `startTime` is missing.
    at wn (/Users/eusholli/dev/event-planner/node_modules/@prisma/client/runtime/library.js:29:1363)
    at $n.handleRequestError (/Users/eusholli/dev/event-planner/node_modules/@prisma/client/runtime/library.js:121:6958)
    at $n.handleAndLogRequestError (/Users/eusholli/dev/event-planner/node_modules/@prisma/client/runtime/library.js:121:6623)
    at $n.request (/Users/eusholli/dev/event-planner/node_modules/@prisma/client/runtime/library.js:121:6307)
    at async l (/Users/eusholli/dev/event-planner/node_modules/@prisma/client/runtime/library.js:130:9633)
    at async POST (/Users/eusholli/dev/event-planner/.next/dev/server/chunks/[root-of-the-server]__f95167de._.js:245:25)
    at async AppRouteRouteModule.do (/Users/eusholli/dev/event-planner/node_modules/next/dist/compiled/next-server/app-route-turbo.runtime.dev.js:5:37789)
    at async AppRouteRouteModule.handle (/Users/eusholli/dev/event-planner/node_modules/next/dist/compiled/next-server/app-route-turbo.runtime.dev.js:5:45045)
    at async responseGenerator (/Users/eusholli/dev/event-planner/.next/dev/server/chunks/node_modules_next_9d32185c._.js:14333:38)
    at async AppRouteRouteModule.handleResponse (/Users/eusholli/dev/event-planner/node_modules/next/dist/compiled/next-server/app-route-turbo.runtime.dev.js:1:187851)
    at async handleResponse (/Users/eusholli/dev/event-planner/.next/dev/server/chunks/node_modules_next_9d32185c._.js:14395:32)
    at async handler (/Users/eusholli/dev/event-planner/.next/dev/server/chunks/node_modules_next_9d32185c._.js:14448:13)
    at async DevServer.renderToResponseWithComponentsImpl (/Users/eusholli/dev/event-planner/node_modules/next/dist/server/base-server.js:1413:9)
    at async DevServer.renderPageComponent (/Users/eusholli/dev/event-planner/node_modules/next/dist/server/base-server.js:1465:24)
    at async DevServer.renderToResponseImpl (/Users/eusholli/dev/event-planner/node_modules/next/dist/server/base-server.js:1515:32)
    at async DevServer.pipeImpl (/Users/eusholli/dev/event-planner/node_modules/next/dist/server/base-server.js:1021:25)
    at async NextNodeServer.handleCatchallRenderRequest (/Users/eusholli/dev/event-planner/node_modules/next/dist/server/next-server.js:394:17)
    at async DevServer.handleRequestImpl (/Users/eusholli/dev/event-planner/node_modules/next/dist/server/base-server.js:912:17)
    at async /Users/eusholli/dev/event-planner/node_modules/next/dist/server/dev/next-dev-server.js:382:20
    at async Span.traceAsyncFn (/Users/eusholli/dev/event-planner/node_modules/next/dist/trace/trace.js:157:20)
    at async DevServer.handleRequest (/Users/eusholli/dev/event-planner/node_modules/next/dist/server/dev/next-dev-server.js:378:24)
    at async invokeRender (/Users/eusholli/dev/event-planner/node_modules/next/dist/server/lib/router-server.js:240:21)
    at async handleRequest (/Users/eusholli/dev/event-planner/node_modules/next/dist/server/lib/router-server.js:436:24)
    at async requestHandlerImpl (/Users/eusholli/dev/event-planner/node_modules/next/dist/server/lib/router-server.js:484:13)
    at async Server.requestListener (/Users/eusholli/dev/event-planner/node_modules/next/dist/server/lib/start-server.js:226:13)
2025-11-25T22:14:20.734Z - Create Meeting Error: 
Invalid `__TURBOPACK__imported__module__$5b$project$5d2f$lib$2f$prisma$2e$ts__$5b$app$2d$route$5d$__$28$ecmascript$29$__["default"].meeting.create()` invocation in
/Users/eusholli/dev/event-planner/.next/dev/server/chunks/[root-of-the-server]__f95167de._.js:248:162

  245             }))
  246     };
  247 }
→ 248 const meeting = await __TURBOPACK__imported__module__$5b$project$5d2f$lib$2f$prisma$2e$ts__$5b$app$2d$route$5d$__$28$ecmascript$29$__["default"].meeting.create({
        data: {
          title: "New empty meeting",
          purpose: "",
          status: "STARTED",
          endTime: null,
      +   startTime: DateTime
        },
        include: {
          room: true,
          attendees: true
        }
      })

Argument `startTime` must not be null.
PrismaClientValidationError: 
Invalid `__TURBOPACK__imported__module__$5b$project$5d2f$lib$2f$prisma$2e$ts__$5b$app$2d$route$5d$__$28$ecmascript$29$__["default"].meeting.create()` invocation in
/Users/eusholli/dev/event-planner/.next/dev/server/chunks/[root-of-the-server]__f95167de._.js:248:162

  245             }))
  246     };
  247 }
→ 248 const meeting = await __TURBOPACK__imported__module__$5b$project$5d2f$lib$2f$prisma$2e$ts__$5b$app$2d$route$5d$__$28$ecmascript$29$__["default"].meeting.create({
        data: {
          title: "New empty meeting",
          purpose: "",
          status: "STARTED",
          endTime: null,
      +   startTime: DateTime
        },
        include: {
          room: true,
          attendees: true
        }
      })

Argument `startTime` must not be null.
    at wn (/Users/eusholli/dev/event-planner/node_modules/@prisma/client/runtime/library.js:29:1363)
    at $n.handleRequestError (/Users/eusholli/dev/event-planner/node_modules/@prisma/client/runtime/library.js:121:6958)
    at $n.handleAndLogRequestError (/Users/eusholli/dev/event-planner/node_modules/@prisma/client/runtime/library.js:121:6623)
    at $n.request (/Users/eusholli/dev/event-planner/node_modules/@prisma/client/runtime/library.js:121:6307)
    at async l (/Users/eusholli/dev/event-planner/node_modules/@prisma/client/runtime/library.js:130:9633)
    at async POST (/Users/eusholli/dev/event-planner/.next/dev/server/chunks/[root-of-the-server]__f95167de._.js:248:25)
    at async AppRouteRouteModule.do (/Users/eusholli/dev/event-planner/node_modules/next/dist/compiled/next-server/app-route-turbo.runtime.dev.js:5:37789)
    at async AppRouteRouteModule.handle (/Users/eusholli/dev/event-planner/node_modules/next/dist/compiled/next-server/app-route-turbo.runtime.dev.js:5:45045)
    at async responseGenerator (/Users/eusholli/dev/event-planner/.next/dev/server/chunks/node_modules_next_9d32185c._.js:14333:38)
    at async AppRouteRouteModule.handleResponse (/Users/eusholli/dev/event-planner/node_modules/next/dist/compiled/next-server/app-route-turbo.runtime.dev.js:1:187851)
    at async handleResponse (/Users/eusholli/dev/event-planner/.next/dev/server/chunks/node_modules_next_9d32185c._.js:14395:32)
    at async handler (/Users/eusholli/dev/event-planner/.next/dev/server/chunks/node_modules_next_9d32185c._.js:14448:13)
    at async DevServer.renderToResponseWithComponentsImpl (/Users/eusholli/dev/event-planner/node_modules/next/dist/server/base-server.js:1413:9)
    at async DevServer.renderPageComponent (/Users/eusholli/dev/event-planner/node_modules/next/dist/server/base-server.js:1465:24)
    at async DevServer.renderToResponseImpl (/Users/eusholli/dev/event-planner/node_modules/next/dist/server/base-server.js:1515:32)
    at async DevServer.pipeImpl (/Users/eusholli/dev/event-planner/node_modules/next/dist/server/base-server.js:1021:25)
    at async NextNodeServer.handleCatchallRenderRequest (/Users/eusholli/dev/event-planner/node_modules/next/dist/server/next-server.js:394:17)
    at async DevServer.handleRequestImpl (/Users/eusholli/dev/event-planner/node_modules/next/dist/server/base-server.js:912:17)
    at async /Users/eusholli/dev/event-planner/node_modules/next/dist/server/dev/next-dev-server.js:382:20
    at async Span.traceAsyncFn (/Users/eusholli/dev/event-planner/node_modules/next/dist/trace/trace.js:157:20)
    at async DevServer.handleRequest (/Users/eusholli/dev/event-planner/node_modules/next/dist/server/dev/next-dev-server.js:378:24)
    at async invokeRender (/Users/eusholli/dev/event-planner/node_modules/next/dist/server/lib/router-server.js:240:21)
    at async handleRequest (/Users/eusholli/dev/event-planner/node_modules/next/dist/server/lib/router-server.js:436:24)
    at async requestHandlerImpl (/Users/eusholli/dev/event-planner/node_modules/next/dist/server/lib/router-server.js:484:13)
    at async Server.requestListener (/Users/eusholli/dev/event-planner/node_modules/next/dist/server/lib/start-server.js:226:13)
2025-11-25T22:14:35.778Z - Create Meeting Error: 
Invalid `__TURBOPACK__imported__module__$5b$project$5d2f$lib$2f$prisma$2e$ts__$5b$app$2d$route$5d$__$28$ecmascript$29$__["default"].meeting.create()` invocation in
/Users/eusholli/dev/event-planner/.next/dev/server/chunks/[root-of-the-server]__f95167de._.js:248:162

  245             }))
  246     };
  247 }
→ 248 const meeting = await __TURBOPACK__imported__module__$5b$project$5d2f$lib$2f$prisma$2e$ts__$5b$app$2d$route$5d$__$28$ecmascript$29$__["default"].meeting.create({
        data: {
          title: "New empty meeting",
          purpose: "",
          status: "STARTED",
          endTime: null,
      +   startTime: DateTime
        },
        include: {
          room: true,
          attendees: true
        }
      })

Argument `startTime` must not be null.
PrismaClientValidationError: 
Invalid `__TURBOPACK__imported__module__$5b$project$5d2f$lib$2f$prisma$2e$ts__$5b$app$2d$route$5d$__$28$ecmascript$29$__["default"].meeting.create()` invocation in
/Users/eusholli/dev/event-planner/.next/dev/server/chunks/[root-of-the-server]__f95167de._.js:248:162

  245             }))
  246     };
  247 }
→ 248 const meeting = await __TURBOPACK__imported__module__$5b$project$5d2f$lib$2f$prisma$2e$ts__$5b$app$2d$route$5d$__$28$ecmascript$29$__["default"].meeting.create({
        data: {
          title: "New empty meeting",
          purpose: "",
          status: "STARTED",
          endTime: null,
      +   startTime: DateTime
        },
        include: {
          room: true,
          attendees: true
        }
      })

Argument `startTime` must not be null.
    at wn (/Users/eusholli/dev/event-planner/node_modules/@prisma/client/runtime/library.js:29:1363)
    at $n.handleRequestError (/Users/eusholli/dev/event-planner/node_modules/@prisma/client/runtime/library.js:121:6958)
    at $n.handleAndLogRequestError (/Users/eusholli/dev/event-planner/node_modules/@prisma/client/runtime/library.js:121:6623)
    at $n.request (/Users/eusholli/dev/event-planner/node_modules/@prisma/client/runtime/library.js:121:6307)
    at async l (/Users/eusholli/dev/event-planner/node_modules/@prisma/client/runtime/library.js:130:9633)
    at async POST (/Users/eusholli/dev/event-planner/.next/dev/server/chunks/[root-of-the-server]__f95167de._.js:248:25)
    at async AppRouteRouteModule.do (/Users/eusholli/dev/event-planner/node_modules/next/dist/compiled/next-server/app-route-turbo.runtime.dev.js:5:37789)
    at async AppRouteRouteModule.handle (/Users/eusholli/dev/event-planner/node_modules/next/dist/compiled/next-server/app-route-turbo.runtime.dev.js:5:45045)
    at async responseGenerator (/Users/eusholli/dev/event-planner/.next/dev/server/chunks/node_modules_next_9d32185c._.js:14333:38)
    at async AppRouteRouteModule.handleResponse (/Users/eusholli/dev/event-planner/node_modules/next/dist/compiled/next-server/app-route-turbo.runtime.dev.js:1:187851)
    at async handleResponse (/Users/eusholli/dev/event-planner/.next/dev/server/chunks/node_modules_next_9d32185c._.js:14395:32)
    at async handler (/Users/eusholli/dev/event-planner/.next/dev/server/chunks/node_modules_next_9d32185c._.js:14448:13)
    at async DevServer.renderToResponseWithComponentsImpl (/Users/eusholli/dev/event-planner/node_modules/next/dist/server/base-server.js:1413:9)
    at async DevServer.renderPageComponent (/Users/eusholli/dev/event-planner/node_modules/next/dist/server/base-server.js:1465:24)
    at async DevServer.renderToResponseImpl (/Users/eusholli/dev/event-planner/node_modules/next/dist/server/base-server.js:1515:32)
    at async DevServer.pipeImpl (/Users/eusholli/dev/event-planner/node_modules/next/dist/server/base-server.js:1021:25)
    at async NextNodeServer.handleCatchallRenderRequest (/Users/eusholli/dev/event-planner/node_modules/next/dist/server/next-server.js:394:17)
    at async DevServer.handleRequestImpl (/Users/eusholli/dev/event-planner/node_modules/next/dist/server/base-server.js:912:17)
    at async /Users/eusholli/dev/event-planner/node_modules/next/dist/server/dev/next-dev-server.js:382:20
    at async Span.traceAsyncFn (/Users/eusholli/dev/event-planner/node_modules/next/dist/trace/trace.js:157:20)
    at async DevServer.handleRequest (/Users/eusholli/dev/event-planner/node_modules/next/dist/server/dev/next-dev-server.js:378:24)
    at async invokeRender (/Users/eusholli/dev/event-planner/node_modules/next/dist/server/lib/router-server.js:240:21)
    at async handleRequest (/Users/eusholli/dev/event-planner/node_modules/next/dist/server/lib/router-server.js:436:24)
    at async requestHandlerImpl (/Users/eusholli/dev/event-planner/node_modules/next/dist/server/lib/router-server.js:484:13)
    at async Server.requestListener (/Users/eusholli/dev/event-planner/node_modules/next/dist/server/lib/start-server.js:226:13)
2025-11-25T22:16:11.557Z - Create Meeting Error: 
Invalid `__TURBOPACK__imported__module__$5b$project$5d2f$lib$2f$prisma$2e$ts__$5b$app$2d$route$5d$__$28$ecmascript$29$__["default"].meeting.create()` invocation in
/Users/eusholli/dev/event-planner/.next/dev/server/chunks/[root-of-the-server]__f95167de._.js:248:162

  245             }))
  246     };
  247 }
→ 248 const meeting = await __TURBOPACK__imported__module__$5b$project$5d2f$lib$2f$prisma$2e$ts__$5b$app$2d$route$5d$__$28$ecmascript$29$__["default"].meeting.create({
        data: {
          title: "New empty meeting",
          purpose: "",
          status: "STARTED",
          endTime: null,
      +   startTime: DateTime
        },
        include: {
          room: true,
          attendees: true
        }
      })

Argument `startTime` must not be null.
PrismaClientValidationError: 
Invalid `__TURBOPACK__imported__module__$5b$project$5d2f$lib$2f$prisma$2e$ts__$5b$app$2d$route$5d$__$28$ecmascript$29$__["default"].meeting.create()` invocation in
/Users/eusholli/dev/event-planner/.next/dev/server/chunks/[root-of-the-server]__f95167de._.js:248:162

  245             }))
  246     };
  247 }
→ 248 const meeting = await __TURBOPACK__imported__module__$5b$project$5d2f$lib$2f$prisma$2e$ts__$5b$app$2d$route$5d$__$28$ecmascript$29$__["default"].meeting.create({
        data: {
          title: "New empty meeting",
          purpose: "",
          status: "STARTED",
          endTime: null,
      +   startTime: DateTime
        },
        include: {
          room: true,
          attendees: true
        }
      })

Argument `startTime` must not be null.
    at wn (/Users/eusholli/dev/event-planner/node_modules/@prisma/client/runtime/library.js:29:1363)
    at $n.handleRequestError (/Users/eusholli/dev/event-planner/node_modules/@prisma/client/runtime/library.js:121:6958)
    at $n.handleAndLogRequestError (/Users/eusholli/dev/event-planner/node_modules/@prisma/client/runtime/library.js:121:6623)
    at $n.request (/Users/eusholli/dev/event-planner/node_modules/@prisma/client/runtime/library.js:121:6307)
    at async l (/Users/eusholli/dev/event-planner/node_modules/@prisma/client/runtime/library.js:130:9633)
    at async POST (/Users/eusholli/dev/event-planner/.next/dev/server/chunks/[root-of-the-server]__f95167de._.js:248:25)
    at async AppRouteRouteModule.do (/Users/eusholli/dev/event-planner/node_modules/next/dist/compiled/next-server/app-route-turbo.runtime.dev.js:5:37789)
    at async AppRouteRouteModule.handle (/Users/eusholli/dev/event-planner/node_modules/next/dist/compiled/next-server/app-route-turbo.runtime.dev.js:5:45045)
    at async responseGenerator (/Users/eusholli/dev/event-planner/.next/dev/server/chunks/node_modules_next_9d32185c._.js:14333:38)
    at async AppRouteRouteModule.handleResponse (/Users/eusholli/dev/event-planner/node_modules/next/dist/compiled/next-server/app-route-turbo.runtime.dev.js:1:187851)
    at async handleResponse (/Users/eusholli/dev/event-planner/.next/dev/server/chunks/node_modules_next_9d32185c._.js:14395:32)
    at async handler (/Users/eusholli/dev/event-planner/.next/dev/server/chunks/node_modules_next_9d32185c._.js:14448:13)
    at async DevServer.renderToResponseWithComponentsImpl (/Users/eusholli/dev/event-planner/node_modules/next/dist/server/base-server.js:1413:9)
    at async DevServer.renderPageComponent (/Users/eusholli/dev/event-planner/node_modules/next/dist/server/base-server.js:1465:24)
    at async DevServer.renderToResponseImpl (/Users/eusholli/dev/event-planner/node_modules/next/dist/server/base-server.js:1515:32)
    at async DevServer.pipeImpl (/Users/eusholli/dev/event-planner/node_modules/next/dist/server/base-server.js:1021:25)
    at async NextNodeServer.handleCatchallRenderRequest (/Users/eusholli/dev/event-planner/node_modules/next/dist/server/next-server.js:394:17)
    at async DevServer.handleRequestImpl (/Users/eusholli/dev/event-planner/node_modules/next/dist/server/base-server.js:912:17)
    at async /Users/eusholli/dev/event-planner/node_modules/next/dist/server/dev/next-dev-server.js:382:20
    at async Span.traceAsyncFn (/Users/eusholli/dev/event-planner/node_modules/next/dist/trace/trace.js:157:20)
    at async DevServer.handleRequest (/Users/eusholli/dev/event-planner/node_modules/next/dist/server/dev/next-dev-server.js:378:24)
    at async invokeRender (/Users/eusholli/dev/event-planner/node_modules/next/dist/server/lib/router-server.js:240:21)
    at async handleRequest (/Users/eusholli/dev/event-planner/node_modules/next/dist/server/lib/router-server.js:436:24)
    at async requestHandlerImpl (/Users/eusholli/dev/event-planner/node_modules/next/dist/server/lib/router-server.js:484:13)
    at async Server.requestListener (/Users/eusholli/dev/event-planner/node_modules/next/dist/server/lib/start-server.js:226:13)
2025-11-25T22:16:21.957Z - Create Meeting Error: 
Invalid `__TURBOPACK__imported__module__$5b$project$5d2f$lib$2f$prisma$2e$ts__$5b$app$2d$route$5d$__$28$ecmascript$29$__["default"].meeting.create()` invocation in
/Users/eusholli/dev/event-planner/.next/dev/server/chunks/[root-of-the-server]__f95167de._.js:248:162

  245             }))
  246     };
  247 }
→ 248 const meeting = await __TURBOPACK__imported__module__$5b$project$5d2f$lib$2f$prisma$2e$ts__$5b$app$2d$route$5d$__$28$ecmascript$29$__["default"].meeting.create({
        data: {
          title: "try once more",
          purpose: "",
          status: "STARTED",
          endTime: null,
      +   startTime: DateTime
        },
        include: {
          room: true,
          attendees: true
        }
      })

Argument `startTime` must not be null.
PrismaClientValidationError: 
Invalid `__TURBOPACK__imported__module__$5b$project$5d2f$lib$2f$prisma$2e$ts__$5b$app$2d$route$5d$__$28$ecmascript$29$__["default"].meeting.create()` invocation in
/Users/eusholli/dev/event-planner/.next/dev/server/chunks/[root-of-the-server]__f95167de._.js:248:162

  245             }))
  246     };
  247 }
→ 248 const meeting = await __TURBOPACK__imported__module__$5b$project$5d2f$lib$2f$prisma$2e$ts__$5b$app$2d$route$5d$__$28$ecmascript$29$__["default"].meeting.create({
        data: {
          title: "try once more",
          purpose: "",
          status: "STARTED",
          endTime: null,
      +   startTime: DateTime
        },
        include: {
          room: true,
          attendees: true
        }
      })

Argument `startTime` must not be null.
    at wn (/Users/eusholli/dev/event-planner/node_modules/@prisma/client/runtime/library.js:29:1363)
    at $n.handleRequestError (/Users/eusholli/dev/event-planner/node_modules/@prisma/client/runtime/library.js:121:6958)
    at $n.handleAndLogRequestError (/Users/eusholli/dev/event-planner/node_modules/@prisma/client/runtime/library.js:121:6623)
    at $n.request (/Users/eusholli/dev/event-planner/node_modules/@prisma/client/runtime/library.js:121:6307)
    at async l (/Users/eusholli/dev/event-planner/node_modules/@prisma/client/runtime/library.js:130:9633)
    at async POST (/Users/eusholli/dev/event-planner/.next/dev/server/chunks/[root-of-the-server]__f95167de._.js:248:25)
    at async AppRouteRouteModule.do (/Users/eusholli/dev/event-planner/node_modules/next/dist/compiled/next-server/app-route-turbo.runtime.dev.js:5:37789)
    at async AppRouteRouteModule.handle (/Users/eusholli/dev/event-planner/node_modules/next/dist/compiled/next-server/app-route-turbo.runtime.dev.js:5:45045)
    at async responseGenerator (/Users/eusholli/dev/event-planner/.next/dev/server/chunks/node_modules_next_9d32185c._.js:14333:38)
    at async AppRouteRouteModule.handleResponse (/Users/eusholli/dev/event-planner/node_modules/next/dist/compiled/next-server/app-route-turbo.runtime.dev.js:1:187851)
    at async handleResponse (/Users/eusholli/dev/event-planner/.next/dev/server/chunks/node_modules_next_9d32185c._.js:14395:32)
    at async handler (/Users/eusholli/dev/event-planner/.next/dev/server/chunks/node_modules_next_9d32185c._.js:14448:13)
    at async DevServer.renderToResponseWithComponentsImpl (/Users/eusholli/dev/event-planner/node_modules/next/dist/server/base-server.js:1413:9)
    at async DevServer.renderPageComponent (/Users/eusholli/dev/event-planner/node_modules/next/dist/server/base-server.js:1465:24)
    at async DevServer.renderToResponseImpl (/Users/eusholli/dev/event-planner/node_modules/next/dist/server/base-server.js:1515:32)
    at async DevServer.pipeImpl (/Users/eusholli/dev/event-planner/node_modules/next/dist/server/base-server.js:1021:25)
    at async NextNodeServer.handleCatchallRenderRequest (/Users/eusholli/dev/event-planner/node_modules/next/dist/server/next-server.js:394:17)
    at async DevServer.handleRequestImpl (/Users/eusholli/dev/event-planner/node_modules/next/dist/server/base-server.js:912:17)
    at async /Users/eusholli/dev/event-planner/node_modules/next/dist/server/dev/next-dev-server.js:382:20
    at async Span.traceAsyncFn (/Users/eusholli/dev/event-planner/node_modules/next/dist/trace/trace.js:157:20)
    at async DevServer.handleRequest (/Users/eusholli/dev/event-planner/node_modules/next/dist/server/dev/next-dev-server.js:378:24)
    at async invokeRender (/Users/eusholli/dev/event-planner/node_modules/next/dist/server/lib/router-server.js:240:21)
    at async handleRequest (/Users/eusholli/dev/event-planner/node_modules/next/dist/server/lib/router-server.js:436:24)
    at async requestHandlerImpl (/Users/eusholli/dev/event-planner/node_modules/next/dist/server/lib/router-server.js:484:13)
    at async Server.requestListener (/Users/eusholli/dev/event-planner/node_modules/next/dist/server/lib/start-server.js:226:13)
2025-11-25T22:47:53.652Z - Create Meeting Error: 
Invalid `__TURBOPACK__imported__module__$5b$project$5d2f$lib$2f$prisma$2e$ts__$5b$app$2d$route$5d$__$28$ecmascript$29$__["default"].meeting.create()` invocation in
/Users/eusholli/dev/event-planner/.next/dev/server/chunks/[root-of-the-server]__f95167de._.js:249:162

  246             }))
  247     };
  248 }
→ 249 const meeting = await __TURBOPACK__imported__module__$5b$project$5d2f$lib$2f$prisma$2e$ts__$5b$app$2d$route$5d$__$28$ecmascript$29$__["default"].meeting.create({
        data: {
          title: "Test Meeting Tagged",
          purpose: "",
          status: "STARTED",
          tags: [],
          ~~~~
          startTime: new Date("2025-03-02T16:00:00.000Z"),
          endTime: new Date("2025-03-02T16:30:00.000Z"),
      ?   id?: String,
      ?   sequence?: Int,
      ?   room?: RoomCreateNestedOneWithoutMeetingsInput,
      ?   attendees?: AttendeeCreateNestedManyWithoutMeetingsInput
        },
        include: {
          room: true,
          attendees: true
        }
      })

Unknown argument `tags`. Did you mean `status`? Available options are marked with ?.
PrismaClientValidationError: 
Invalid `__TURBOPACK__imported__module__$5b$project$5d2f$lib$2f$prisma$2e$ts__$5b$app$2d$route$5d$__$28$ecmascript$29$__["default"].meeting.create()` invocation in
/Users/eusholli/dev/event-planner/.next/dev/server/chunks/[root-of-the-server]__f95167de._.js:249:162

  246             }))
  247     };
  248 }
→ 249 const meeting = await __TURBOPACK__imported__module__$5b$project$5d2f$lib$2f$prisma$2e$ts__$5b$app$2d$route$5d$__$28$ecmascript$29$__["default"].meeting.create({
        data: {
          title: "Test Meeting Tagged",
          purpose: "",
          status: "STARTED",
          tags: [],
          ~~~~
          startTime: new Date("2025-03-02T16:00:00.000Z"),
          endTime: new Date("2025-03-02T16:30:00.000Z"),
      ?   id?: String,
      ?   sequence?: Int,
      ?   room?: RoomCreateNestedOneWithoutMeetingsInput,
      ?   attendees?: AttendeeCreateNestedManyWithoutMeetingsInput
        },
        include: {
          room: true,
          attendees: true
        }
      })

Unknown argument `tags`. Did you mean `status`? Available options are marked with ?.
    at wn (/Users/eusholli/dev/event-planner/node_modules/@prisma/client/runtime/library.js:29:1363)
    at $n.handleRequestError (/Users/eusholli/dev/event-planner/node_modules/@prisma/client/runtime/library.js:121:6958)
    at $n.handleAndLogRequestError (/Users/eusholli/dev/event-planner/node_modules/@prisma/client/runtime/library.js:121:6623)
    at $n.request (/Users/eusholli/dev/event-planner/node_modules/@prisma/client/runtime/library.js:121:6307)
    at async l (/Users/eusholli/dev/event-planner/node_modules/@prisma/client/runtime/library.js:130:9633)
    at async POST (/Users/eusholli/dev/event-planner/.next/dev/server/chunks/[root-of-the-server]__f95167de._.js:249:25)
    at async AppRouteRouteModule.do (/Users/eusholli/dev/event-planner/node_modules/next/dist/compiled/next-server/app-route-turbo.runtime.dev.js:5:37789)
    at async AppRouteRouteModule.handle (/Users/eusholli/dev/event-planner/node_modules/next/dist/compiled/next-server/app-route-turbo.runtime.dev.js:5:45045)
    at async responseGenerator (/Users/eusholli/dev/event-planner/.next/dev/server/chunks/node_modules_next_9d32185c._.js:14333:38)
    at async AppRouteRouteModule.handleResponse (/Users/eusholli/dev/event-planner/node_modules/next/dist/compiled/next-server/app-route-turbo.runtime.dev.js:1:187851)
    at async handleResponse (/Users/eusholli/dev/event-planner/.next/dev/server/chunks/node_modules_next_9d32185c._.js:14395:32)
    at async handler (/Users/eusholli/dev/event-planner/.next/dev/server/chunks/node_modules_next_9d32185c._.js:14448:13)
    at async DevServer.renderToResponseWithComponentsImpl (/Users/eusholli/dev/event-planner/node_modules/next/dist/server/base-server.js:1413:9)
    at async DevServer.renderPageComponent (/Users/eusholli/dev/event-planner/node_modules/next/dist/server/base-server.js:1465:24)
    at async DevServer.renderToResponseImpl (/Users/eusholli/dev/event-planner/node_modules/next/dist/server/base-server.js:1515:32)
    at async DevServer.pipeImpl (/Users/eusholli/dev/event-planner/node_modules/next/dist/server/base-server.js:1021:25)
    at async NextNodeServer.handleCatchallRenderRequest (/Users/eusholli/dev/event-planner/node_modules/next/dist/server/next-server.js:394:17)
    at async DevServer.handleRequestImpl (/Users/eusholli/dev/event-planner/node_modules/next/dist/server/base-server.js:912:17)
    at async /Users/eusholli/dev/event-planner/node_modules/next/dist/server/dev/next-dev-server.js:382:20
    at async Span.traceAsyncFn (/Users/eusholli/dev/event-planner/node_modules/next/dist/trace/trace.js:157:20)
    at async DevServer.handleRequest (/Users/eusholli/dev/event-planner/node_modules/next/dist/server/dev/next-dev-server.js:378:24)
    at async invokeRender (/Users/eusholli/dev/event-planner/node_modules/next/dist/server/lib/router-server.js:240:21)
    at async handleRequest (/Users/eusholli/dev/event-planner/node_modules/next/dist/server/lib/router-server.js:436:24)
    at async requestHandlerImpl (/Users/eusholli/dev/event-planner/node_modules/next/dist/server/lib/router-server.js:484:13)
    at async Server.requestListener (/Users/eusholli/dev/event-planner/node_modules/next/dist/server/lib/start-server.js:226:13)
